<?xml version="1.0" encoding="UTF-8"?>
<!-- Generated by org.testng.reporters.JUnitReportReporter -->
<testsuite hostname="Naveen" failures="0" tests="1" name="week5.day2.CreateLead" time="21.983" errors="0" timestamp="2025-02-02T17:20:06 IST" skipped="0">
  <testcase classname="week5.day2.CreateLead" name="runCreateLad" time="21.983"/>
</testsuite> <!-- week5.day2.CreateLead -->
