<?xml version="1.0" encoding="UTF-8"?>
<!-- Generated by org.testng.reporters.JUnitReportReporter -->
<testsuite hostname="Naveen" failures="0" tests="1" name="practise.FileDownload" time="8.476" errors="0" timestamp="2025-01-29T18:36:50 IST" skipped="0">
  <testcase classname="practise.FileDownload" name="filedownload" time="8.476"/>
</testsuite> <!-- practise.FileDownload -->
