<?xml version="1.0" encoding="UTF-8"?>
<!-- Generated by org.testng.reporters.JUnitReportReporter -->
<testsuite hostname="DESKTOP-NCK2QPM" failures="0" tests="1" name="week6.day1.EntityCreationStatic" time="25.125" errors="0" timestamp="2025-02-14T16:27:30 IST" skipped="0">
  <testcase classname="week6.day1.EntityCreationStatic" name="createEntity" time="25.125"/>
</testsuite> <!-- week6.day1.EntityCreationStatic -->
