<?xml version="1.0" encoding="UTF-8"?>
<!-- Generated by org.testng.reporters.JUnitReportReporter -->
<testsuite hostname="DESKTOP-NCK2QPM" failures="0" tests="2" name="week6.day1.CreateLead" time="25.623" errors="0" timestamp="2025-02-14T13:07:13 IST" skipped="0">
  <testcase classname="week6.day1.CreateLead" name="runCreateLad" time="13.382"/>
  <testcase classname="week6.day1.CreateLead" name="runCreateLad" time="12.241"/>
</testsuite> <!-- week6.day1.CreateLead -->
