<?xml version="1.0" encoding="UTF-8"?>
<!-- Generated by org.testng.reporters.JUnitReportReporter -->
<testsuite hostname="DESKTOP-NCK2QPM" failures="0" tests="2" name="Assigments.week6.day1.EntityCreationDynamic" time="51.155" errors="0" timestamp="2025-02-14T17:40:33 IST" skipped="0">
  <testcase classname="Assigments.week6.day1.EntityCreationDynamic" name="createEntity" time="28.142"/>
  <testcase classname="Assigments.week6.day1.EntityCreationDynamic" name="createEntity" time="23.013"/>
</testsuite> <!-- Assigments.week6.day1.EntityCreationDynamic -->
